Determining if the pthread_create exist failed with the following output:
Change Dir: /home/stam/workspace/console/Debug/CMakeFiles/CMakeTmp

Run Build Command:"/usr/bin/make" "cmTC_c79f9/fast"
/usr/bin/make -f CMakeFiles/cmTC_c79f9.dir/build.make CMakeFiles/cmTC_c79f9.dir/build
make[1]: вход в каталог «/home/stam/workspace/console/Debug/CMakeFiles/CMakeTmp»
Building C object CMakeFiles/cmTC_c79f9.dir/CheckSymbolExists.c.o
/usr/bin/cc     -o CMakeFiles/cmTC_c79f9.dir/CheckSymbolExists.c.o   -c /home/stam/workspace/console/Debug/CMakeFiles/CMakeTmp/CheckSymbolExists.c
Linking C executable cmTC_c79f9
/usr/bin/cmake -E cmake_link_script CMakeFiles/cmTC_c79f9.dir/link.txt --verbose=1
/usr/bin/cc       CMakeFiles/cmTC_c79f9.dir/CheckSymbolExists.c.o  -o cmTC_c79f9 -rdynamic 
CMakeFiles/cmTC_c79f9.dir/CheckSymbolExists.c.o: In function `main':
CheckSymbolExists.c:(.text+0x1b): undefined reference to `pthread_create'
collect2: error: ld returned 1 exit status
CMakeFiles/cmTC_c79f9.dir/build.make:97: ошибка выполнения рецепта для цели «cmTC_c79f9»
make[1]: *** [cmTC_c79f9] Ошибка 1
make[1]: выход из каталога «/home/stam/workspace/console/Debug/CMakeFiles/CMakeTmp»
Makefile:126: ошибка выполнения рецепта для цели «cmTC_c79f9/fast»
make: *** [cmTC_c79f9/fast] Ошибка 2

File /home/stam/workspace/console/Debug/CMakeFiles/CMakeTmp/CheckSymbolExists.c:
/* */
#include <pthread.h>

int main(int argc, char** argv)
{
  (void)argv;
#ifndef pthread_create
  return ((int*)(&pthread_create))[argc];
#else
  (void)argc;
  return 0;
#endif
}

Determining if the function pthread_create exists in the pthreads failed with the following output:
Change Dir: /home/stam/workspace/console/Debug/CMakeFiles/CMakeTmp

Run Build Command:"/usr/bin/make" "cmTC_b8fc9/fast"
/usr/bin/make -f CMakeFiles/cmTC_b8fc9.dir/build.make CMakeFiles/cmTC_b8fc9.dir/build
make[1]: вход в каталог «/home/stam/workspace/console/Debug/CMakeFiles/CMakeTmp»
Building C object CMakeFiles/cmTC_b8fc9.dir/CheckFunctionExists.c.o
/usr/bin/cc    -DCHECK_FUNCTION_EXISTS=pthread_create   -o CMakeFiles/cmTC_b8fc9.dir/CheckFunctionExists.c.o   -c /usr/share/cmake-3.7/Modules/CheckFunctionExists.c
Linking C executable cmTC_b8fc9
/usr/bin/cmake -E cmake_link_script CMakeFiles/cmTC_b8fc9.dir/link.txt --verbose=1
/usr/bin/cc   -DCHECK_FUNCTION_EXISTS=pthread_create    CMakeFiles/cmTC_b8fc9.dir/CheckFunctionExists.c.o  -o cmTC_b8fc9 -rdynamic -lpthreads 
/usr/bin/ld: cannot find -lpthreads
collect2: error: ld returned 1 exit status
CMakeFiles/cmTC_b8fc9.dir/build.make:97: ошибка выполнения рецепта для цели «cmTC_b8fc9»
make[1]: *** [cmTC_b8fc9] Ошибка 1
make[1]: выход из каталога «/home/stam/workspace/console/Debug/CMakeFiles/CMakeTmp»
Makefile:126: ошибка выполнения рецепта для цели «cmTC_b8fc9/fast»
make: *** [cmTC_b8fc9/fast] Ошибка 2


