Determining if the pthread_create exist failed with the following output:
Change Dir: /home/stam/workspace/console/Release/CMakeFiles/CMakeTmp

Run Build Command:"/usr/bin/make" "cmTC_5f4c9/fast"
/usr/bin/make -f CMakeFiles/cmTC_5f4c9.dir/build.make CMakeFiles/cmTC_5f4c9.dir/build
make[1]: вход в каталог «/home/stam/workspace/console/Release/CMakeFiles/CMakeTmp»
Building C object CMakeFiles/cmTC_5f4c9.dir/CheckSymbolExists.c.o
/usr/bin/cc     -o CMakeFiles/cmTC_5f4c9.dir/CheckSymbolExists.c.o   -c /home/stam/workspace/console/Release/CMakeFiles/CMakeTmp/CheckSymbolExists.c
Linking C executable cmTC_5f4c9
/usr/bin/cmake -E cmake_link_script CMakeFiles/cmTC_5f4c9.dir/link.txt --verbose=1
/usr/bin/cc       CMakeFiles/cmTC_5f4c9.dir/CheckSymbolExists.c.o  -o cmTC_5f4c9 -rdynamic 
CMakeFiles/cmTC_5f4c9.dir/CheckSymbolExists.c.o: In function `main':
CheckSymbolExists.c:(.text+0x1b): undefined reference to `pthread_create'
collect2: error: ld returned 1 exit status
CMakeFiles/cmTC_5f4c9.dir/build.make:97: ошибка выполнения рецепта для цели «cmTC_5f4c9»
make[1]: *** [cmTC_5f4c9] Ошибка 1
make[1]: выход из каталога «/home/stam/workspace/console/Release/CMakeFiles/CMakeTmp»
Makefile:126: ошибка выполнения рецепта для цели «cmTC_5f4c9/fast»
make: *** [cmTC_5f4c9/fast] Ошибка 2

File /home/stam/workspace/console/Release/CMakeFiles/CMakeTmp/CheckSymbolExists.c:
/* */
#include <pthread.h>

int main(int argc, char** argv)
{
  (void)argv;
#ifndef pthread_create
  return ((int*)(&pthread_create))[argc];
#else
  (void)argc;
  return 0;
#endif
}

Determining if the function pthread_create exists in the pthreads failed with the following output:
Change Dir: /home/stam/workspace/console/Release/CMakeFiles/CMakeTmp

Run Build Command:"/usr/bin/make" "cmTC_11bde/fast"
/usr/bin/make -f CMakeFiles/cmTC_11bde.dir/build.make CMakeFiles/cmTC_11bde.dir/build
make[1]: вход в каталог «/home/stam/workspace/console/Release/CMakeFiles/CMakeTmp»
Building C object CMakeFiles/cmTC_11bde.dir/CheckFunctionExists.c.o
/usr/bin/cc    -DCHECK_FUNCTION_EXISTS=pthread_create   -o CMakeFiles/cmTC_11bde.dir/CheckFunctionExists.c.o   -c /usr/share/cmake-3.7/Modules/CheckFunctionExists.c
Linking C executable cmTC_11bde
/usr/bin/cmake -E cmake_link_script CMakeFiles/cmTC_11bde.dir/link.txt --verbose=1
/usr/bin/cc   -DCHECK_FUNCTION_EXISTS=pthread_create    CMakeFiles/cmTC_11bde.dir/CheckFunctionExists.c.o  -o cmTC_11bde -rdynamic -lpthreads 
/usr/bin/ld: cannot find -lpthreads
collect2: error: ld returned 1 exit status
CMakeFiles/cmTC_11bde.dir/build.make:97: ошибка выполнения рецепта для цели «cmTC_11bde»
make[1]: *** [cmTC_11bde] Ошибка 1
make[1]: выход из каталога «/home/stam/workspace/console/Release/CMakeFiles/CMakeTmp»
Makefile:126: ошибка выполнения рецепта для цели «cmTC_11bde/fast»
make: *** [cmTC_11bde/fast] Ошибка 2


